<?xml version="1.0" encoding="UTF-8"?>
<testsuite xmlns:xsi="http://www.w3.org/2001/XMLSchema-instance" xsi:noNamespaceSchemaLocation="https://maven.apache.org/surefire/maven-surefire-plugin/xsd/surefire-test-report.xsd" version="3.0.2" name="com.demo.apigateway.controller.FallbackControllerTest" time="2.503" tests="2" errors="0" skipped="0" failures="0" flakes="0">
  <properties>
[...]
</properties>
  <testcase name="ordersFallback_Returns503" classname="com.demo.apigateway.controller.FallbackControllerTest" time="0.745">
    <system-out><![CDATA[20:52:39.132 [main] INFO org.springframework.test.context.support.AnnotationConfigContextLoaderUtils -- Could not detect default configuration classes for test class [com.demo.apigateway.controller.FallbackControllerTest]: FallbackControllerTest does not declare any static, non-private, non-final, nested classes annotated with @Configuration.
20:52:39.257 [main] INFO org.springframework.boot.test.context.SpringBootTestContextBootstrapper -- Found @SpringBootConfiguration com.demo.apigateway.ApiGatewayApplication for test class com.demo.apigateway.controller.FallbackControllerTest
20:52:39.261 [main] INFO org.springframework.test.context.support.AnnotationConfigContextLoaderUtils -- Could not detect default configuration classes for test class [com.demo.apigateway.controller.FallbackControllerTest]: FallbackControllerTest does not declare any static, non-private, non-final, nested classes annotated with @Configuration.
20:52:39.268 [main] INFO org.springframework.boot.test.context.SpringBootTestContextBootstrapper -- Found @SpringBootConfiguration com.demo.apigateway.ApiGatewayApplication for test class com.demo.apigateway.controller.FallbackControllerTest

  .   ____          _            __ _ _
 /\\ / ___'_ __ _ _(_)_ __  __ _ \ \ \ \
( ( )\___ | '_ | '_| | '_ \/ _` | \ \ \ \
 \\/  ___)| |_)| | | | | || (_| |  ) ) ) )
  '  |____| .__|_| |_|_| |_\__, | / / / /
 =========|_|==============|___/=/_/_/_/

 :: Spring Boot ::                (v4.0.5)

2026-04-11T20:52:39.813+02:00  INFO 138855 --- [api-gateway] [           main] c.d.a.controller.FallbackControllerTest  : Starting FallbackControllerTest using Java 21.0.10 with PID 138855 (started by kevin-fechner in /home/kevin-fechner/k8s-demo-app/services/api-gateway)
2026-04-11T20:52:39.815+02:00  INFO 138855 --- [api-gateway] [           main] c.d.a.controller.FallbackControllerTest  : No active profile set, falling back to 1 default profile: "default"
2026-04-11T20:52:40.643+02:00  INFO 138855 --- [api-gateway] [           main] c.d.a.controller.FallbackControllerTest  : Started FallbackControllerTest in 1.298 seconds (process running for 2.41)
2026-04-11T20:52:40.647+02:00  WARN 138855 --- [api-gateway] [           main] ServerWebfluxPropertiesMigrationListener : 
The use of configuration keys that have been renamed was found in the environment:

Property source 'Config resource 'class path resource [application.yml]' via location 'optional:classpath:/'':
	Key: spring.cloud.gateway.routes[0].id
		Line: 9
		Replacement: spring.cloud.gateway.server.webflux.routes[0].id
	Key: spring.cloud.gateway.routes[0].uri
		Line: 10
		Replacement: spring.cloud.gateway.server.webflux.routes[0].uri
	Key: spring.cloud.gateway.routes[0].predicates[0]
		Line: 12
		Replacement: spring.cloud.gateway.server.webflux.routes[0].predicates[0]
	Key: spring.cloud.gateway.routes[0].filters[0].name
		Line: 14
		Replacement: spring.cloud.gateway.server.webflux.routes[0].filters[0].name
	Key: spring.cloud.gateway.routes[0].filters[0].args.name
		Line: 16
		Replacement: spring.cloud.gateway.server.webflux.routes[0].filters[0].args.name
	Key: spring.cloud.gateway.routes[0].filters[0].args.fallbackuri
		Line: 17
		Replacement: spring.cloud.gateway.server.webflux.routes[0].filters[0].args.fallbackuri
	Key: spring.cloud.gateway.routes[1].id
		Line: 20
		Replacement: spring.cloud.gateway.server.webflux.routes[1].id
	Key: spring.cloud.gateway.routes[1].uri
		Line: 21
		Replacement: spring.cloud.gateway.server.webflux.routes[1].uri
	Key: spring.cloud.gateway.routes[1].predicates[0]
		Line: 23
		Replacement: spring.cloud.gateway.server.webflux.routes[1].predicates[0]
	Key: spring.cloud.gateway.routes[1].filters[0].name
		Line: 25
		Replacement: spring.cloud.gateway.server.webflux.routes[1].filters[0].name
	Key: spring.cloud.gateway.routes[1].filters[0].args.name
		Line: 27
		Replacement: spring.cloud.gateway.server.webflux.routes[1].filters[0].args.name
	Key: spring.cloud.gateway.routes[1].filters[0].args.fallbackuri
		Line: 28
		Replacement: spring.cloud.gateway.server.webflux.routes[1].filters[0].args.fallbackuri


Each configuration key has been temporarily mapped to its replacement for your convenience. To silence this warning, please update your configuration to use the new keys.

2026-04-11T20:52:40.648+02:00  WARN 138855 --- [api-gateway] [           main] o.s.b.c.p.m.PropertiesMigrationListener  : 
The use of configuration keys that have been renamed was found in the environment:

Property source 'Config resource 'class path resource [application.yml]' via location 'optional:classpath:/'':
	Key: spring.cloud.gateway.globalcors.corsconfigurations[/**].allowedorigins[0]
		Line: 35
		Replacement: spring.cloud.gateway.server.webflux.globalcors.cors-configurations[/**].allowedorigins[0]
	Key: spring.cloud.gateway.globalcors.corsconfigurations[/**].allowedorigins[1]
		Line: 36
		Replacement: spring.cloud.gateway.server.webflux.globalcors.cors-configurations[/**].allowedorigins[1]
	Key: spring.cloud.gateway.globalcors.corsconfigurations[/**].allowedmethods[0]
		Line: 38
		Replacement: spring.cloud.gateway.server.webflux.globalcors.cors-configurations[/**].allowedmethods[0]
	Key: spring.cloud.gateway.globalcors.corsconfigurations[/**].allowedmethods[1]
		Line: 39
		Replacement: spring.cloud.gateway.server.webflux.globalcors.cors-configurations[/**].allowedmethods[1]
	Key: spring.cloud.gateway.globalcors.corsconfigurations[/**].allowedmethods[2]
		Line: 40
		Replacement: spring.cloud.gateway.server.webflux.globalcors.cors-configurations[/**].allowedmethods[2]
	Key: spring.cloud.gateway.globalcors.corsconfigurations[/**].allowedmethods[3]
		Line: 41
		Replacement: spring.cloud.gateway.server.webflux.globalcors.cors-configurations[/**].allowedmethods[3]
	Key: spring.cloud.gateway.globalcors.corsconfigurations[/**].allowedmethods[4]
		Line: 42
		Replacement: spring.cloud.gateway.server.webflux.globalcors.cors-configurations[/**].allowedmethods[4]
	Key: spring.cloud.gateway.globalcors.corsconfigurations[/**].allowedmethods[5]
		Line: 43
		Replacement: spring.cloud.gateway.server.webflux.globalcors.cors-configurations[/**].allowedmethods[5]
	Key: spring.cloud.gateway.globalcors.corsconfigurations[/**].allowedheaders[0]
		Line: 45
		Replacement: spring.cloud.gateway.server.webflux.globalcors.cors-configurations[/**].allowedheaders[0]
	Key: spring.cloud.gateway.globalcors.corsconfigurations[/**].allowcredentials
		Line: 46
		Replacement: spring.cloud.gateway.server.webflux.globalcors.cors-configurations[/**].allowcredentials
	Key: spring.cloud.gateway.globalcors.corsconfigurations[/**].maxage
		Line: 47
		Replacement: spring.cloud.gateway.server.webflux.globalcors.cors-configurations[/**].maxage


Each configuration key has been temporarily mapped to its replacement for your convenience. To silence this warning, please update your configuration to use the new keys.

2026-04-11T20:52:40.649+02:00 ERROR 138855 --- [api-gateway] [           main] o.s.b.c.p.m.PropertiesMigrationListener  : 
The use of configuration keys that are no longer supported was found in the environment:

Property source 'Config resource 'class path resource [application.yml]' via location 'optional:classpath:/'':
	Key: management.endpoint.gateway.enabled
		Line: 66
		Reason: Replacement key 'management.endpoint.gateway.access' uses an incompatible target type


Please refer to the release notes or reference guide for potential alternatives.

2026-04-11T20:52:41.283+02:00  WARN 138855 --- [api-gateway] [     parallel-1] c.d.a.controller.FallbackController      : Order service unavailable - returning fallback
]]></system-out>
    <system-err><![CDATA[Mockito is currently self-attaching to enable the inline-mock-maker. This will no longer work in future releases of the JDK. Please add Mockito as an agent to your build as described in Mockito's documentation: https://javadoc.io/doc/org.mockito/mockito-core/latest/org.mockito/org/mockito/Mockito.html#0.3
WARNING: A Java agent has been loaded dynamically (/home/kevin-fechner/.m2/repository/net/bytebuddy/byte-buddy-agent/1.17.8/byte-buddy-agent-1.17.8.jar)
WARNING: If a serviceability tool is in use, please run with -XX:+EnableDynamicAgentLoading to hide this warning
WARNING: If a serviceability tool is not in use, please run with -Djdk.instrument.traceUsage for more information
WARNING: Dynamic loading of agents will be disallowed by default in a future release
]]></system-err>
  </testcase>
  <testcase name="productsFallback_Returns503" classname="com.demo.apigateway.controller.FallbackControllerTest" time="0.007">
    <system-out><![CDATA[2026-04-11T20:52:41.403+02:00  WARN 138855 --- [api-gateway] [     parallel-2] c.d.a.controller.FallbackController      : Product service unavailable - returning fallback
]]></system-out>
  </testcase>
</testsuite>