<?xml version="1.0" encoding="UTF-8"?>
<testsuite xmlns:xsi="http://www.w3.org/2001/XMLSchema-instance" xsi:noNamespaceSchemaLocation="https://maven.apache.org/surefire/maven-surefire-plugin/xsd/surefire-test-report.xsd" version="3.0.2" name="com.demo.productservice.controller.ProductControllerTest" time="3.171" tests="6" errors="0" skipped="0" failures="0" flakes="0">
  <properties>
[...]
</properties>
  <testcase name="createProduct_InvalidRequest_Returns400" classname="com.demo.productservice.controller.ProductControllerTest" time="0.35">
    <system-out><![CDATA[19:40:34.035 [main] INFO org.springframework.test.context.support.AnnotationConfigContextLoaderUtils -- Could not detect default configuration classes for test class [com.demo.productservice.controller.ProductControllerTest]: ProductControllerTest does not declare any static, non-private, non-final, nested classes annotated with @Configuration.
19:40:34.180 [main] INFO org.springframework.boot.test.context.SpringBootTestContextBootstrapper -- Found @SpringBootConfiguration com.demo.productservice.ProductServiceApplication for test class com.demo.productservice.controller.ProductControllerTest
19:40:34.184 [main] INFO org.springframework.test.context.support.AnnotationConfigContextLoaderUtils -- Could not detect default configuration classes for test class [com.demo.productservice.controller.ProductControllerTest]: ProductControllerTest does not declare any static, non-private, non-final, nested classes annotated with @Configuration.
19:40:34.192 [main] INFO org.springframework.boot.test.context.SpringBootTestContextBootstrapper -- Found @SpringBootConfiguration com.demo.productservice.ProductServiceApplication for test class com.demo.productservice.controller.ProductControllerTest

  .   ____          _            __ _ _
 /\\ / ___'_ __ _ _(_)_ __  __ _ \ \ \ \
( ( )\___ | '_ | '_| | '_ \/ _` | \ \ \ \
 \\/  ___)| |_)| | | | | || (_| |  ) ) ) )
  '  |____| .__|_| |_|_| |_\__, | / / / /
 =========|_|==============|___/=/_/_/_/

 :: Spring Boot ::                (v4.0.5)

2026-04-11T19:40:34.685+02:00  INFO 126001 --- [           main] c.d.p.controller.ProductControllerTest   : Starting ProductControllerTest using Java 21.0.10 with PID 126001 (started by kevin-fechner in /home/kevin-fechner/k8s-demo-app/services/product-service)
2026-04-11T19:40:34.687+02:00  INFO 126001 --- [           main] c.d.p.controller.ProductControllerTest   : No active profile set, falling back to 1 default profile: "default"
2026-04-11T19:40:36.474+02:00  INFO 126001 --- [           main] o.s.b.t.m.w.SpringBootMockServletContext : Initializing Spring TestDispatcherServlet ''
2026-04-11T19:40:36.475+02:00  INFO 126001 --- [           main] o.s.t.web.servlet.TestDispatcherServlet  : Initializing Servlet ''
2026-04-11T19:40:36.477+02:00  INFO 126001 --- [           main] o.s.t.web.servlet.TestDispatcherServlet  : Completed initialization in 2 ms
2026-04-11T19:40:36.513+02:00  INFO 126001 --- [           main] c.d.p.controller.ProductControllerTest   : Started ProductControllerTest in 2.232 seconds (process running for 3.384)
]]></system-out>
    <system-err><![CDATA[Mockito is currently self-attaching to enable the inline-mock-maker. This will no longer work in future releases of the JDK. Please add Mockito as an agent to your build as described in Mockito's documentation: https://javadoc.io/doc/org.mockito/mockito-core/latest/org.mockito/org/mockito/Mockito.html#0.3
WARNING: A Java agent has been loaded dynamically (/home/kevin-fechner/.m2/repository/net/bytebuddy/byte-buddy-agent/1.17.8/byte-buddy-agent-1.17.8.jar)
WARNING: If a serviceability tool is in use, please run with -XX:+EnableDynamicAgentLoading to hide this warning
WARNING: If a serviceability tool is not in use, please run with -Djdk.instrument.traceUsage for more information
WARNING: Dynamic loading of agents will be disallowed by default in a future release
]]></system-err>
  </testcase>
  <testcase name="createProduct_Returns201" classname="com.demo.productservice.controller.ProductControllerTest" time="0.067"/>
  <testcase name="deleteProduct_Returns204" classname="com.demo.productservice.controller.ProductControllerTest" time="0.009"/>
  <testcase name="getProductById_Returns200" classname="com.demo.productservice.controller.ProductControllerTest" time="0.008"/>
  <testcase name="getProductById_Returns404" classname="com.demo.productservice.controller.ProductControllerTest" time="0.011">
    <system-out><![CDATA[2026-04-11T19:40:36.980+02:00  WARN 126001 --- [           main] c.d.p.exception.GlobalExceptionHandler   : Product not found: Product not found with id: 99
]]></system-out>
  </testcase>
  <testcase name="getAllProducts_Returns200" classname="com.demo.productservice.controller.ProductControllerTest" time="0.012"/>
</testsuite>