<?xml version="1.0" encoding="UTF-8"?>
<testsuite xmlns:xsi="http://www.w3.org/2001/XMLSchema-instance" xsi:noNamespaceSchemaLocation="https://maven.apache.org/surefire/maven-surefire-plugin/xsd/surefire-test-report.xsd" version="3.0.2" name="com.demo.productservice.service.ProductServiceTest" time="0.27" tests="7" errors="0" skipped="0" failures="0" flakes="0">
  <properties>
[...]
</properties>
  <testcase name="getProductById_ExistingId_ReturnsProduct" classname="com.demo.productservice.service.ProductServiceTest" time="0.233">
    <system-out><![CDATA[2026-04-11T19:40:37.184+02:00  INFO 126001 --- [           main] c.d.p.service.impl.ProductServiceImpl    : Fetching product with id: 1
]]></system-out>
  </testcase>
  <testcase name="createProduct_ValidRequest_ReturnsCreatedProduct" classname="com.demo.productservice.service.ProductServiceTest" time="0.01">
    <system-out><![CDATA[2026-04-11T19:40:37.249+02:00  INFO 126001 --- [           main] c.d.p.service.impl.ProductServiceImpl    : Creating product: Test Product
]]></system-out>
  </testcase>
  <testcase name="deleteProduct_NonExistingId_ThrowsException" classname="com.demo.productservice.service.ProductServiceTest" time="0.004">
    <system-out><![CDATA[2026-04-11T19:40:37.258+02:00  INFO 126001 --- [           main] c.d.p.service.impl.ProductServiceImpl    : Deleting product with id: 99
]]></system-out>
  </testcase>
  <testcase name="getProductById_NonExistingId_ThrowsException" classname="com.demo.productservice.service.ProductServiceTest" time="0.002">
    <system-out><![CDATA[2026-04-11T19:40:37.263+02:00  INFO 126001 --- [           main] c.d.p.service.impl.ProductServiceImpl    : Fetching product with id: 99
]]></system-out>
  </testcase>
  <testcase name="deleteProduct_ExistingId_DeletesProduct" classname="com.demo.productservice.service.ProductServiceTest" time="0.002">
    <system-out><![CDATA[2026-04-11T19:40:37.265+02:00  INFO 126001 --- [           main] c.d.p.service.impl.ProductServiceImpl    : Deleting product with id: 1
]]></system-out>
  </testcase>
  <testcase name="getAllProducts_ReturnsAllProducts" classname="com.demo.productservice.service.ProductServiceTest" time="0.009">
    <system-out><![CDATA[2026-04-11T19:40:37.268+02:00  INFO 126001 --- [           main] c.d.p.service.impl.ProductServiceImpl    : Fetching all products
]]></system-out>
  </testcase>
  <testcase name="updateProduct_ExistingId_ReturnsUpdatedProduct" classname="com.demo.productservice.service.ProductServiceTest" time="0.004">
    <system-out><![CDATA[2026-04-11T19:40:37.279+02:00  INFO 126001 --- [           main] c.d.p.service.impl.ProductServiceImpl    : Updating product with id: 1
]]></system-out>
  </testcase>
</testsuite>